<?xml version="1.0" encoding="UTF-8"?>
<testsuite xmlns:xsi="http://www.w3.org/2001/XMLSchema-instance" xsi:noNamespaceSchemaLocation="https://maven.apache.org/surefire/maven-surefire-plugin/xsd/surefire-test-report-3.0.xsd" version="3.0" name="com.example.mdbspringboot.MdbSpringBootApplicationTests" time="4.304" tests="3" errors="0" skipped="0" failures="0">
  <properties>
[...]
</properties>
  <testcase name="testProduct" classname="com.example.mdbspringboot.MdbSpringBootApplicationTests" time="0.821">
    <system-out><![CDATA[12:25:53.074 [main] INFO org.springframework.test.context.support.AnnotationConfigContextLoaderUtils -- Could not detect default configuration classes for test class [com.example.mdbspringboot.MdbSpringBootApplicationTests]: MdbSpringBootApplicationTests does not declare any static, non-private, non-final, nested classes annotated with @Configuration.
12:25:53.218 [main] INFO org.springframework.boot.test.context.SpringBootTestContextBootstrapper -- Found @SpringBootConfiguration com.example.mdbspringboot.MdbSpringBootApplication for test class com.example.mdbspringboot.MdbSpringBootApplicationTests

  .   ____          _            __ _ _
 /\\ / ___'_ __ _ _(_)_ __  __ _ \ \ \ \
( ( )\___ | '_ | '_| | '_ \/ _` | \ \ \ \
 \\/  ___)| |_)| | | | | || (_| |  ) ) ) )
  '  |____| .__|_| |_|_| |_\__, | / / / /
 =========|_|==============|___/=/_/_/_/
 :: Spring Boot ::                (v3.1.2)

2023-11-20T12:25:53.734+07:00  INFO 9816 --- [           main] c.e.m.MdbSpringBootApplicationTests      : Starting MdbSpringBootApplicationTests using Java 18.0.1.1 with PID 9816 (started by Radar in D:\Java\mdb-spring-boot)
2023-11-20T12:25:53.735+07:00  INFO 9816 --- [           main] c.e.m.MdbSpringBootApplicationTests      : No active profile set, falling back to 1 default profile: "default"
2023-11-20T12:25:54.386+07:00  INFO 9816 --- [           main] .s.d.r.c.RepositoryConfigurationDelegate : Bootstrapping Spring Data MongoDB repositories in DEFAULT mode.
2023-11-20T12:25:54.461+07:00  INFO 9816 --- [           main] .s.d.r.c.RepositoryConfigurationDelegate : Finished Spring Data repository scanning in 70 ms. Found 3 MongoDB repository interfaces.
2023-11-20T12:25:55.061+07:00  INFO 9816 --- [           main] org.mongodb.driver.client                : MongoClient with metadata {"driver": {"name": "mongo-java-driver|sync|spring-boot", "version": "4.9.1"}, "os": {"type": "Windows", "name": "Windows 11", "architecture": "amd64", "version": "10.0"}, "platform": "Java/Oracle Corporation/18.0.1.1+2-6"} created with settings MongoClientSettings{readPreference=primary, writeConcern=WriteConcern{w=majority, wTimeout=null ms, journal=null}, retryWrites=true, retryReads=true, readConcern=ReadConcern{level=null}, credential=MongoCredential{mechanism=null, userName='rads', source='admin', password=<hidden>, mechanismProperties=<hidden>}, streamFactoryFactory=null, commandListeners=[], codecRegistry=ProvidersCodecRegistry{codecProviders=[ValueCodecProvider{}, BsonValueCodecProvider{}, DBRefCodecProvider{}, DBObjectCodecProvider{}, DocumentCodecProvider{}, CollectionCodecProvider{}, IterableCodecProvider{}, MapCodecProvider{}, GeoJsonCodecProvider{}, GridFSFileCodecProvider{}, Jsr310CodecProvider{}, JsonObjectCodecProvider{}, BsonCodecProvider{}, EnumCodecProvider{}, com.mongodb.client.model.mql.ExpressionCodecProvider@7d97e06c, com.mongodb.Jep395RecordCodecProvider@5a936e64]}, loggerSettings=LoggerSettings{maxDocumentLength=1000}, clusterSettings={hosts=[127.0.0.1:27017], srvHost=cluster0.zcmjxtk.mongodb.net, srvServiceName=mongodb, mode=MULTIPLE, requiredClusterType=REPLICA_SET, requiredReplicaSetName='atlas-12xf45-shard-0', serverSelector='null', clusterListeners='[]', serverSelectionTimeout='30000 ms', localThreshold='30000 ms'}, socketSettings=SocketSettings{connectTimeoutMS=10000, readTimeoutMS=0, receiveBufferSize=0, sendBufferSize=0}, heartbeatSocketSettings=SocketSettings{connectTimeoutMS=10000, readTimeoutMS=10000, receiveBufferSize=0, sendBufferSize=0}, connectionPoolSettings=ConnectionPoolSettings{maxSize=100, minSize=0, maxWaitTimeMS=120000, maxConnectionLifeTimeMS=0, maxConnectionIdleTimeMS=0, maintenanceInitialDelayMS=0, maintenanceFrequencyMS=60000, connectionPoolListeners=[], maxConnecting=2}, serverSettings=ServerSettings{heartbeatFrequencyMS=10000, minHeartbeatFrequencyMS=500, serverListeners='[]', serverMonitorListeners='[]'}, sslSettings=SslSettings{enabled=true, invalidHostNameAllowed=false, context=null}, applicationName='null', compressorList=[], uuidRepresentation=JAVA_LEGACY, serverApi=null, autoEncryptionSettings=null, contextProvider=null}
2023-11-20T12:25:55.116+07:00  INFO 9816 --- [xtk.mongodb.net] org.mongodb.driver.cluster               : Adding discovered server ac-srt2lxa-shard-00-00.zcmjxtk.mongodb.net:27017 to client view of cluster
2023-11-20T12:25:55.146+07:00  INFO 9816 --- [xtk.mongodb.net] org.mongodb.driver.cluster               : Adding discovered server ac-srt2lxa-shard-00-01.zcmjxtk.mongodb.net:27017 to client view of cluster
2023-11-20T12:25:55.147+07:00  INFO 9816 --- [xtk.mongodb.net] org.mongodb.driver.cluster               : Adding discovered server ac-srt2lxa-shard-00-02.zcmjxtk.mongodb.net:27017 to client view of cluster
2023-11-20T12:25:56.027+07:00  INFO 9816 --- [ngodb.net:27017] org.mongodb.driver.cluster               : Monitor thread successfully connected to server with description ServerDescription{address=ac-srt2lxa-shard-00-00.zcmjxtk.mongodb.net:27017, type=REPLICA_SET_SECONDARY, state=CONNECTED, ok=true, minWireVersion=0, maxWireVersion=17, maxDocumentSize=16777216, logicalSessionTimeoutMinutes=30, roundTripTimeNanos=443210800, setName='atlas-12xf45-shard-0', canonicalAddress=ac-srt2lxa-shard-00-00.zcmjxtk.mongodb.net:27017, hosts=[ac-srt2lxa-shard-00-00.zcmjxtk.mongodb.net:27017, ac-srt2lxa-shard-00-01.zcmjxtk.mongodb.net:27017, ac-srt2lxa-shard-00-02.zcmjxtk.mongodb.net:27017], passives=[], arbiters=[], primary='ac-srt2lxa-shard-00-02.zcmjxtk.mongodb.net:27017', tagSet=TagSet{[Tag{name='nodeType', value='ELECTABLE'}, Tag{name='provider', value='AWS'}, Tag{name='region', value='AP_SOUTHEAST_1'}, Tag{name='workloadType', value='OPERATIONAL'}]}, electionId=null, setVersion=1, topologyVersion=TopologyVersion{processId=653bfc5063ce80350609db21, counter=3}, lastWriteDate=Mon Nov 20 12:25:56 WIB 2023, lastUpdateTimeNanos=289699582100}
2023-11-20T12:25:56.034+07:00  INFO 9816 --- [ngodb.net:27017] org.mongodb.driver.cluster               : Monitor thread successfully connected to server with description ServerDescription{address=ac-srt2lxa-shard-00-01.zcmjxtk.mongodb.net:27017, type=REPLICA_SET_SECONDARY, state=CONNECTED, ok=true, minWireVersion=0, maxWireVersion=17, maxDocumentSize=16777216, logicalSessionTimeoutMinutes=30, roundTripTimeNanos=444237500, setName='atlas-12xf45-shard-0', canonicalAddress=ac-srt2lxa-shard-00-01.zcmjxtk.mongodb.net:27017, hosts=[ac-srt2lxa-shard-00-00.zcmjxtk.mongodb.net:27017, ac-srt2lxa-shard-00-01.zcmjxtk.mongodb.net:27017, ac-srt2lxa-shard-00-02.zcmjxtk.mongodb.net:27017], passives=[], arbiters=[], primary='ac-srt2lxa-shard-00-02.zcmjxtk.mongodb.net:27017', tagSet=TagSet{[Tag{name='nodeType', value='ELECTABLE'}, Tag{name='provider', value='AWS'}, Tag{name='region', value='AP_SOUTHEAST_1'}, Tag{name='workloadType', value='OPERATIONAL'}]}, electionId=null, setVersion=1, topologyVersion=TopologyVersion{processId=653bfdde93c02a5721e541fa, counter=3}, lastWriteDate=Mon Nov 20 12:25:55 WIB 2023, lastUpdateTimeNanos=289699565200}
2023-11-20T12:25:56.034+07:00  INFO 9816 --- [ngodb.net:27017] org.mongodb.driver.cluster               : Monitor thread successfully connected to server with description ServerDescription{address=ac-srt2lxa-shard-00-02.zcmjxtk.mongodb.net:27017, type=REPLICA_SET_PRIMARY, state=CONNECTED, ok=true, minWireVersion=0, maxWireVersion=17, maxDocumentSize=16777216, logicalSessionTimeoutMinutes=30, roundTripTimeNanos=443451700, setName='atlas-12xf45-shard-0', canonicalAddress=ac-srt2lxa-shard-00-02.zcmjxtk.mongodb.net:27017, hosts=[ac-srt2lxa-shard-00-00.zcmjxtk.mongodb.net:27017, ac-srt2lxa-shard-00-01.zcmjxtk.mongodb.net:27017, ac-srt2lxa-shard-00-02.zcmjxtk.mongodb.net:27017], passives=[], arbiters=[], primary='ac-srt2lxa-shard-00-02.zcmjxtk.mongodb.net:27017', tagSet=TagSet{[Tag{name='nodeType', value='ELECTABLE'}, Tag{name='provider', value='AWS'}, Tag{name='region', value='AP_SOUTHEAST_1'}, Tag{name='workloadType', value='OPERATIONAL'}]}, electionId=7fffffff0000000000000024, setVersion=1, topologyVersion=TopologyVersion{processId=6531728b95dc40be415e6575, counter=6}, lastWriteDate=Mon Nov 20 12:25:55 WIB 2023, lastUpdateTimeNanos=289699565300}
2023-11-20T12:25:56.036+07:00  INFO 9816 --- [ngodb.net:27017] org.mongodb.driver.cluster               : Discovered replica set primary ac-srt2lxa-shard-00-02.zcmjxtk.mongodb.net:27017 with max election id 7fffffff0000000000000024 and max set version 1
2023-11-20T12:25:56.331+07:00  INFO 9816 --- [           main] c.e.m.MdbSpringBootApplicationTests      : Started MdbSpringBootApplicationTests in 2.92 seconds (process running for 4.069)
]]></system-out>
  </testcase>
  <testcase name="contextLoads" classname="com.example.mdbspringboot.MdbSpringBootApplicationTests" time="0.003"/>
  <testcase name="testCustomer" classname="com.example.mdbspringboot.MdbSpringBootApplicationTests" time="0.003"/>
</testsuite>